[LOG] System::create                           : Header version = 2.02.28. Current version = 2.02.28.
[LOG] Manager::init                            : maxchannels = 256 studioflags = 00000006 flags 00000000 extradriverdata 0000000000000000.
[LOG] SystemI::init                            : Initialize version=20228 (150745), maxchannels=256, flags=0x00020000
[LOG] SystemI::setOutputInternal               : Setting output to 'FMOD WASAPI Output'
[LOG] OutputWASAPI::init                       : Mix Format (WAVEFORMATEX): wFormatTag=0xFFFE, nChannels=2, nSamplesPerSec=48000, nAvgBytesPerSec=384000, nBlockAlign=8, wBitsPerSample=32, cbSize=22.
[LOG] OutputWASAPI::init                       : Mix Format (WAVEFORMATEXTENSIBLE): wValidBitsPerSample=32, dwChannelMask=0x00000003, SubFormat=00000003-0000-0010-8000-00AA00389B71.
[LOG] OutputWASAPI::init                       : Output buffer size: 4096 samples, latency: 0.00ms, period: 10.00ms, DSP buffer: 1024 * 4
[LOG] Thread::initThread                       : Init FMOD stream thread. Affinity: 0x4000000000000003, Priority: 0xFFFF7FFB, Stack Size: 98304, Semaphore: No, Sleep Time: 10, Looping: Yes.
[LOG] Thread::initThread                       : Init FMOD mixer thread. Affinity: 0x4000000000000001, Priority: 0xFFFF7FFA, Stack Size: 81920, Semaphore: No, Sleep Time: 0, Looping: Yes.
[LOG] AsyncManager::init                       : manager 0000012CB98FC9F8 isAsync 0 updatePeriod 0.02
[LOG] AsyncManager::init                       : done
[LOG] PlaybackSystem::init                     : 
[LOG] Thread::initThread                       : Init FMOD Studio sample load thread. Affinity: 0x4000000000000003, Priority: 0xFFFF7FFD, Stack Size: 98304, Semaphore: No, Sleep Time: 1, Looping: No.
[LOG] PlaybackSystem::init                     : done
[LOG] Thread::initThread                       : Init FMOD Studio bank load thread. Affinity: 0x4000000000000003, Priority: 0xFFFF7FFD, Stack Size: 98304, Semaphore: No, Sleep Time: 1, Looping: No.
[LOG] Manager::init                            : done.
[LOG] Manager::readBank                        : fileversion = 142, compatVersion = 140 (oldest = 44, newest = 142)
[LOG] Manager::readBank                        : fileversion = 142, compatVersion = 140 (oldest = 44, newest = 142)
[LOG] Manager::readBank                        : fileversion = 142, compatVersion = 140 (oldest = 44, newest = 142)
[LOG] PlaybackSystem::acquireMasterBus         : Setting master channel group format to 6
[LOG] SoundI::release                          : Monkeys-Spinning-Monkeys(chosic.com) (0000012CFF2C58F8)
[LOG] SoundI::release                          :     Monkeys-Spinning-Monkeys(chosic.com) (0000012BC0C87A28)
[LOG] SoundI::release                          :     Monkeys-Spinning-Monkeys(chosic.com) (0000012CFF2C4308)
[LOG] SoundI::release                          :  (0000012BE6450A98)
[LOG] SoundI::release                          :     Камень 1 (0000012BF3EB35A8)
[LOG] SoundI::release                          :  (0000012D1A900918)
[LOG] SoundI::release                          :     Камень 2 (0000012D1F312888)
[LOG] SoundI::release                          :  (0000012BE64504D8)
[LOG] SoundI::release                          :     snd_step1_ch1 (0000012BF3EB38E8)
[LOG] SoundI::release                          :  (0000012BE64501F8)
[LOG] SoundI::release                          :     snd_step2_ch1 (0000012D1F312BC8)
[LOG] SoundI::release                          :  (0000012D1A9001E8)
[LOG] SoundI::release                          :     Grass_1 (0000012BF45EF568)
[LOG] SoundI::release                          :  (0000012D1A900638)
[LOG] SoundI::release                          :     Grass_2 (0000012BF45EF3C8)
[LOG] SoundI::release                          :  (0000012D1A9004C8)
[LOG] SoundI::release                          :     Wood_1 (0000012D1F312068)
[LOG] SoundI::release                          :  (0000012BE64507B8)
[LOG] SoundI::release                          :     Wood_2 (0000012BF3EB3408)
[LOG] SoundI::release                          :  (0000012D1A900A88)
[LOG] SoundI::release                          :     Dirt_1 (0000012D1F3123A8)
[LOG] SoundI::release                          :  (0000012BE6450368)
[LOG] SoundI::release                          :     Dirt_2 (0000012BF3EB30C8)
[LOG] Thread::callback                         : FMOD Studio update thread finished.
[LOG] Thread::callback                         : FMOD Studio bank load thread finished.
[LOG] Profile::disconnectAll                   : Profiler disconnecting all clients
[LOG] Thread::callback                         : FMOD Studio sample load thread finished.
[LOG] LiveUpdate::release                      : 
[LOG] LiveUpdate::reset                        : Reset connection (reason Disconnected)
[LOG] Thread::callback                         : FMOD stream thread finished.
[LOG] Thread::callback                         : FMOD mixer thread finished.
[LOG] Profile::disconnectAll                   : Profiler disconnecting all clients
[LOG] SystemI::close                           : Closed.
[LOG] Thread::callback                         : FMOD Studio bank load thread finished.
[LOG] Thread::callback                         : FMOD Studio sample load thread finished.
[LOG] LiveUpdate::release                      : 
[LOG] LiveUpdate::reset                        : Reset connection (reason Disconnected)
[LOG] Thread::callback                         : FMOD stream thread finished.
[LOG] Thread::callback                         : FMOD mixer thread finished.
[LOG] SystemI::close                           : Closed.
[LOG] Thread::callback                         : FMOD nonblocking thread (0) finished.
[LOG] Thread::callback                         : FMOD file thread finished.
